<?xml version="1.0" encoding="UTF-8"?>
<!-- Generated by org.testng.reporters.JUnitXMLReporter -->
<testsuite ignored="4" hostname="LAPTOP-O6EL19C6" failures="0" tests="3" name="test" time="41.31" errors="0" timestamp="2022-03-28T15:30:56 IST">
  <testcase classname="docker.TestCase1" name="test" time="1.504"/>
  <testcase classname="docker.TestCase2" name="test" time="1.885"/>
  <testcase classname="docker.TestCase3" name="test" time="2.965"/>
  <testcase classname="docker.BaseTest" name="@AfterTest stopDockergrid" time="0.0">
    <ignored/>
  </testcase> <!-- @AfterTest stopDockergrid -->
  <testcase classname="docker.BaseTest" name="@BeforeTest startDockerGrid" time="0.0">
    <ignored/>
  </testcase> <!-- @BeforeTest startDockerGrid -->
  <testcase classname="docker.BaseTest" name="@BeforeTest startDockerGrid" time="0.0">
    <ignored/>
  </testcase> <!-- @BeforeTest startDockerGrid -->
  <testcase classname="docker.BaseTest" name="@AfterTest stopDockergrid" time="0.0">
    <ignored/>
  </testcase> <!-- @AfterTest stopDockergrid -->
</testsuite> <!-- test -->
