<?xml version="1.0" encoding="UTF-8"?>
<testng-results ignored="4" total="7" passed="3" failed="0" skipped="0">
  <reporter-output>
  </reporter-output>
  <suite started-at="2022-03-28T15:30:15 IST" name="Suite" finished-at="2022-03-28T15:30:56 IST" duration-ms="41310">
    <groups>
    </groups>
    <test started-at="2022-03-28T15:30:15 IST" name="test" finished-at="2022-03-28T15:30:56 IST" duration-ms="41310">
      <class name="docker.TestCase2">
        <test-method is-config="true" signature="setup(java.lang.String)[pri:0, instance:docker.TestCase2@72e5a8e]" started-at="2022-03-28T15:30:35 IST" name="setup" finished-at="2022-03-28T15:30:40 IST" duration-ms="5366" status="PASS">
          <params>
            <param index="0">
              <value>
                <![CDATA[MicrosoftEdge]]>
              </value>
            </param>
          </params>
          <reporter-output>
          </reporter-output>
        </test-method> <!-- setup -->
        <test-method signature="test()[pri:0, instance:docker.TestCase2@72e5a8e]" started-at="2022-03-28T15:30:40 IST" name="test" finished-at="2022-03-28T15:30:42 IST" duration-ms="1885" status="PASS">
          <reporter-output>
          </reporter-output>
        </test-method> <!-- test -->
        <test-method is-config="true" signature="tearDown()[pri:0, instance:docker.TestCase2@72e5a8e]" started-at="2022-03-28T15:30:42 IST" name="tearDown" finished-at="2022-03-28T15:30:42 IST" duration-ms="200" status="PASS">
          <reporter-output>
          </reporter-output>
        </test-method> <!-- tearDown -->
        <test-method is-config="true" signature="terminate()[pri:0, instance:docker.TestCase2@72e5a8e]" started-at="2022-03-28T15:30:42 IST" name="terminate" finished-at="2022-03-28T15:30:42 IST" duration-ms="1" status="PASS">
          <reporter-output>
          </reporter-output>
        </test-method> <!-- terminate -->
      </class> <!-- docker.TestCase2 -->
      <class name="docker.TestCase3">
        <test-method is-config="true" signature="setup(java.lang.String)[pri:0, instance:docker.TestCase3@54e1c68b]" started-at="2022-03-28T15:30:39 IST" name="setup" finished-at="2022-03-28T15:30:43 IST" duration-ms="3229" status="PASS">
          <params>
            <param index="0">
              <value>
                <![CDATA[MicrosoftEdge]]>
              </value>
            </param>
          </params>
          <reporter-output>
          </reporter-output>
        </test-method> <!-- setup -->
        <test-method signature="test()[pri:0, instance:docker.TestCase3@54e1c68b]" started-at="2022-03-28T15:30:43 IST" name="test" finished-at="2022-03-28T15:30:46 IST" duration-ms="2965" status="PASS">
          <reporter-output>
          </reporter-output>
        </test-method> <!-- test -->
        <test-method is-config="true" signature="tearDown()[pri:0, instance:docker.TestCase3@54e1c68b]" started-at="2022-03-28T15:30:46 IST" name="tearDown" finished-at="2022-03-28T15:30:46 IST" duration-ms="184" status="PASS">
          <reporter-output>
          </reporter-output>
        </test-method> <!-- tearDown -->
        <test-method is-config="true" signature="terminate()[pri:0, instance:docker.TestCase3@54e1c68b]" started-at="2022-03-28T15:30:46 IST" name="terminate" finished-at="2022-03-28T15:30:46 IST" duration-ms="0" status="PASS">
          <reporter-output>
          </reporter-output>
        </test-method> <!-- terminate -->
      </class> <!-- docker.TestCase3 -->
      <class name="docker.TestCase1">
        <test-method is-config="true" signature="startDockerGrid()[pri:0, instance:docker.TestCase1@29215f06]" started-at="2022-03-28T15:30:15 IST" name="startDockerGrid" finished-at="2022-03-28T15:30:35 IST" duration-ms="20036" status="PASS">
          <reporter-output>
          </reporter-output>
        </test-method> <!-- startDockerGrid -->
        <test-method is-config="true" signature="setup(java.lang.String)[pri:0, instance:docker.TestCase1@29215f06]" started-at="2022-03-28T15:30:35 IST" name="setup" finished-at="2022-03-28T15:30:38 IST" duration-ms="3098" status="PASS">
          <params>
            <param index="0">
              <value>
                <![CDATA[MicrosoftEdge]]>
              </value>
            </param>
          </params>
          <reporter-output>
          </reporter-output>
        </test-method> <!-- setup -->
        <test-method signature="test()[pri:0, instance:docker.TestCase1@29215f06]" started-at="2022-03-28T15:30:38 IST" name="test" finished-at="2022-03-28T15:30:39 IST" duration-ms="1504" status="PASS">
          <reporter-output>
          </reporter-output>
        </test-method> <!-- test -->
        <test-method is-config="true" signature="tearDown()[pri:0, instance:docker.TestCase1@29215f06]" started-at="2022-03-28T15:30:39 IST" name="tearDown" finished-at="2022-03-28T15:30:39 IST" duration-ms="197" status="PASS">
          <reporter-output>
          </reporter-output>
        </test-method> <!-- tearDown -->
        <test-method is-config="true" signature="terminate()[pri:0, instance:docker.TestCase1@29215f06]" started-at="2022-03-28T15:30:39 IST" name="terminate" finished-at="2022-03-28T15:30:39 IST" duration-ms="0" status="PASS">
          <reporter-output>
          </reporter-output>
        </test-method> <!-- terminate -->
        <test-method is-config="true" signature="stopDockergrid()[pri:0, instance:docker.TestCase1@29215f06]" started-at="2022-03-28T15:30:46 IST" name="stopDockergrid" finished-at="2022-03-28T15:30:56 IST" duration-ms="10035" status="PASS">
          <reporter-output>
          </reporter-output>
        </test-method> <!-- stopDockergrid -->
      </class> <!-- docker.TestCase1 -->
    </test> <!-- test -->
  </suite> <!-- Suite -->
</testng-results>
